2020-09-01 21:09:00 INFO:配置文件读取完毕
2020-09-01 21:09:05 INFO:api测试正常
2020-09-01 21:09:05 INFO:多人开关已打开,即将执行进行多人任务
2020-09-01 21:09:05 INFO:账号: ZainCheung@163.com  开始执行========================================
2020-09-01 21:09:08 ERROR:用户任务执行中断,请检查账号密码是否正确========================================
2020-09-01 21:09:18 INFO:账号: 15039723449  开始执行========================================
2020-09-01 21:09:21 ERROR:用户任务执行中断,请检查账号密码是否正确========================================
2020-09-01 21:09:31 INFO:所有账号已全部完成任务,服务进入休眠中,等待明天重新启动
2020-09-01 21:12:52 INFO:配置文件读取完毕
2020-09-01 21:12:55 INFO:api测试正常
2020-09-01 21:12:55 INFO:多人开关已打开,即将执行进行多人任务
2020-09-01 21:12:55 INFO:账号: ZainCheung@163.com  开始执行========================================
2020-09-01 21:12:58 ERROR:用户任务执行中断,请检查账号密码是否正确========================================
2020-09-01 21:13:24 INFO:配置文件读取完毕
2020-09-01 21:13:27 INFO:api测试正常
2020-09-01 21:13:27 INFO:多人开关已打开,即将执行进行多人任务
2020-09-01 21:13:27 INFO:账号: ZainCheung@163.com  开始执行========================================
2020-09-01 21:13:30 ERROR:用户任务执行中断,请检查账号密码是否正确========================================
2020-09-01 21:13:51 INFO:配置文件读取完毕
2020-09-01 21:13:54 INFO:api测试正常
2020-09-01 21:13:54 INFO:多人开关已打开,即将执行进行多人任务
2020-09-01 21:13:54 INFO:账号: ZainCheung@163.com  开始执行========================================
2020-09-01 21:16:07 INFO:配置文件读取完毕
2020-09-01 21:16:08 INFO:api测试正常
2020-09-01 21:16:08 INFO:多人开关已打开,即将执行进行多人任务
2020-09-01 21:16:08 INFO:账号: ZainCheung@163.com  开始执行========================================
2020-09-01 21:18:56 INFO:配置文件读取完毕
2020-09-01 21:18:56 INFO:api测试正常
2020-09-01 21:18:56 INFO:多人开关已打开,即将执行进行多人任务
2020-09-01 21:18:56 INFO:账号: ZainCheung@163.com  开始执行========================================
2020-09-01 21:18:57 INFO:登录成功
2020-09-01 21:18:57 INFO:登录成功
2020-09-01 21:18:57 INFO:重复签到
2020-09-01 21:18:58 INFO:获取用户详情成功
2020-09-01 21:19:11 INFO:配置文件读取完毕
2020-09-01 21:19:11 INFO:api测试正常
2020-09-01 21:19:11 INFO:多人开关已打开,即将执行进行多人任务
2020-09-01 21:19:11 INFO:账号: ZainCheung@163.com  开始执行========================================
2020-09-01 21:19:11 INFO:登录成功
2020-09-01 21:19:12 INFO:登录成功
2020-09-01 21:19:12 INFO:重复签到
2020-09-01 21:19:12 INFO:获取用户详情成功
2020-09-01 21:19:15 INFO:用户:ZainCheung  第1次打卡成功,即将休眠30秒
2020-09-01 21:19:24 INFO:配置文件读取完毕
2020-09-01 21:19:25 INFO:api测试正常
2020-09-01 21:19:25 INFO:多人开关已打开,即将执行进行多人任务
2020-09-01 21:19:25 INFO:账号: ZainCheung@163.com  开始执行========================================
2020-09-01 21:19:25 INFO:登录成功
2020-09-01 21:19:25 INFO:重复签到
2020-09-01 21:19:25 INFO:获取用户详情成功
2020-09-01 21:20:06 INFO:配置文件读取完毕
2020-09-01 21:20:06 INFO:api测试正常
2020-09-01 21:20:06 INFO:多人开关已打开,即将执行进行多人任务
2020-09-01 21:20:06 INFO:账号: ZainCheung@163.com  开始执行========================================
2020-09-01 21:20:07 INFO:登录成功
2020-09-01 21:20:07 INFO:重复签到
2020-09-01 21:20:07 INFO:获取用户详情成功
2020-09-01 21:20:10 INFO:用户:ZainCheung  第1次打卡成功,即将休眠30秒
2020-09-02 14:23:25 INFO:配置文件读取完毕
2020-09-02 14:23:27 INFO:api测试正常
2020-09-02 14:23:27 INFO:多人开关已打开,即将执行进行多人任务
2020-09-02 14:23:27 INFO:账号: ZainCheung@163.com  开始执行========================================
2020-09-02 14:23:28 INFO:登录成功
2020-09-02 14:23:28 INFO:重复签到
2020-09-02 14:23:28 INFO:获取用户详情成功
